CRITICAL - 2026-03-13 11:39:03 --> ErrorException: file_get_contents(D:\XAMPP\htdocs\Shanyu\public/products.json): Failed to open stream: No such file or directory
[Method: GET, Route: catalog]
in APPPATH\Controllers\Catalog.php on line 7.
 1 [internal function]: CodeIgniter\Debug\Exceptions->errorHandler(2, 'file_get_contents(D:\\XAMPP\\htdocs\\Shanyu\\public/products.json): Failed to open stream: No such file or directory', 'D:\\XAMPP\\htdocs\\Shanyu\\app\\Controllers\\Catalog.php', 7)
 2 APPPATH\Controllers\Catalog.php(7): file_get_contents('D:\\XAMPP\\htdocs\\Shanyu\\public/products.json')
 3 SYSTEMPATH\CodeIgniter.php(951): App\Controllers\Catalog->index()
 4 SYSTEMPATH\CodeIgniter.php(497): CodeIgniter\CodeIgniter->runController(Object(App\Controllers\Catalog))
 5 SYSTEMPATH\CodeIgniter.php(340): CodeIgniter\CodeIgniter->handleRequest(null, Object(Config\Cache), false)
 6 SYSTEMPATH\Boot.php(417): CodeIgniter\CodeIgniter->run()
 7 SYSTEMPATH\Boot.php(68): CodeIgniter\Boot::runCodeIgniter(Object(CodeIgniter\CodeIgniter))
 8 FCPATH\index.php(59): CodeIgniter\Boot::bootWeb(Object(Config\Paths))
 9 SYSTEMPATH\rewrite.php(44): require_once('D:\\XAMPP\\htdocs\\Shanyu\\public\\index.php')
CRITICAL - 2026-03-13 11:39:20 --> ErrorException: file_get_contents(D:\XAMPP\htdocs\Shanyu\public/products.json): Failed to open stream: No such file or directory
[Method: GET, Route: catalog]
in APPPATH\Controllers\Catalog.php on line 7.
 1 [internal function]: CodeIgniter\Debug\Exceptions->errorHandler(2, 'file_get_contents(D:\\XAMPP\\htdocs\\Shanyu\\public/products.json): Failed to open stream: No such file or directory', 'D:\\XAMPP\\htdocs\\Shanyu\\app\\Controllers\\Catalog.php', 7)
 2 APPPATH\Controllers\Catalog.php(7): file_get_contents('D:\\XAMPP\\htdocs\\Shanyu\\public/products.json')
 3 SYSTEMPATH\CodeIgniter.php(951): App\Controllers\Catalog->index()
 4 SYSTEMPATH\CodeIgniter.php(497): CodeIgniter\CodeIgniter->runController(Object(App\Controllers\Catalog))
 5 SYSTEMPATH\CodeIgniter.php(340): CodeIgniter\CodeIgniter->handleRequest(null, Object(Config\Cache), false)
 6 SYSTEMPATH\Boot.php(417): CodeIgniter\CodeIgniter->run()
 7 SYSTEMPATH\Boot.php(68): CodeIgniter\Boot::runCodeIgniter(Object(CodeIgniter\CodeIgniter))
 8 FCPATH\index.php(59): CodeIgniter\Boot::bootWeb(Object(Config\Paths))
 9 SYSTEMPATH\rewrite.php(44): require_once('D:\\XAMPP\\htdocs\\Shanyu\\public\\index.php')
CRITICAL - 2026-03-13 11:40:23 --> ErrorException: file_get_contents(D:\XAMPP\htdocs\Shanyu\public/products.json): Failed to open stream: No such file or directory
[Method: GET, Route: catalog]
in APPPATH\Controllers\Catalog.php on line 7.
 1 [internal function]: CodeIgniter\Debug\Exceptions->errorHandler(2, 'file_get_contents(D:\\XAMPP\\htdocs\\Shanyu\\public/products.json): Failed to open stream: No such file or directory', 'D:\\XAMPP\\htdocs\\Shanyu\\app\\Controllers\\Catalog.php', 7)
 2 APPPATH\Controllers\Catalog.php(7): file_get_contents('D:\\XAMPP\\htdocs\\Shanyu\\public/products.json')
 3 SYSTEMPATH\CodeIgniter.php(951): App\Controllers\Catalog->index()
 4 SYSTEMPATH\CodeIgniter.php(497): CodeIgniter\CodeIgniter->runController(Object(App\Controllers\Catalog))
 5 SYSTEMPATH\CodeIgniter.php(340): CodeIgniter\CodeIgniter->handleRequest(null, Object(Config\Cache), false)
 6 SYSTEMPATH\Boot.php(417): CodeIgniter\CodeIgniter->run()
 7 SYSTEMPATH\Boot.php(68): CodeIgniter\Boot::runCodeIgniter(Object(CodeIgniter\CodeIgniter))
 8 FCPATH\index.php(59): CodeIgniter\Boot::bootWeb(Object(Config\Paths))
 9 SYSTEMPATH\rewrite.php(44): require_once('D:\\XAMPP\\htdocs\\Shanyu\\public\\index.php')
CRITICAL - 2026-03-13 11:40:25 --> ErrorException: file_get_contents(D:\XAMPP\htdocs\Shanyu\public/products.json): Failed to open stream: No such file or directory
[Method: GET, Route: catalog]
in APPPATH\Controllers\Catalog.php on line 7.
 1 [internal function]: CodeIgniter\Debug\Exceptions->errorHandler(2, 'file_get_contents(D:\\XAMPP\\htdocs\\Shanyu\\public/products.json): Failed to open stream: No such file or directory', 'D:\\XAMPP\\htdocs\\Shanyu\\app\\Controllers\\Catalog.php', 7)
 2 APPPATH\Controllers\Catalog.php(7): file_get_contents('D:\\XAMPP\\htdocs\\Shanyu\\public/products.json')
 3 SYSTEMPATH\CodeIgniter.php(951): App\Controllers\Catalog->index()
 4 SYSTEMPATH\CodeIgniter.php(497): CodeIgniter\CodeIgniter->runController(Object(App\Controllers\Catalog))
 5 SYSTEMPATH\CodeIgniter.php(340): CodeIgniter\CodeIgniter->handleRequest(null, Object(Config\Cache), false)
 6 SYSTEMPATH\Boot.php(417): CodeIgniter\CodeIgniter->run()
 7 SYSTEMPATH\Boot.php(68): CodeIgniter\Boot::runCodeIgniter(Object(CodeIgniter\CodeIgniter))
 8 FCPATH\index.php(59): CodeIgniter\Boot::bootWeb(Object(Config\Paths))
 9 SYSTEMPATH\rewrite.php(44): require_once('D:\\XAMPP\\htdocs\\Shanyu\\public\\index.php')
CRITICAL - 2026-03-13 11:40:25 --> ErrorException: file_get_contents(D:\XAMPP\htdocs\Shanyu\public/products.json): Failed to open stream: No such file or directory
[Method: GET, Route: catalog]
in APPPATH\Controllers\Catalog.php on line 7.
 1 [internal function]: CodeIgniter\Debug\Exceptions->errorHandler(2, 'file_get_contents(D:\\XAMPP\\htdocs\\Shanyu\\public/products.json): Failed to open stream: No such file or directory', 'D:\\XAMPP\\htdocs\\Shanyu\\app\\Controllers\\Catalog.php', 7)
 2 APPPATH\Controllers\Catalog.php(7): file_get_contents('D:\\XAMPP\\htdocs\\Shanyu\\public/products.json')
 3 SYSTEMPATH\CodeIgniter.php(951): App\Controllers\Catalog->index()
 4 SYSTEMPATH\CodeIgniter.php(497): CodeIgniter\CodeIgniter->runController(Object(App\Controllers\Catalog))
 5 SYSTEMPATH\CodeIgniter.php(340): CodeIgniter\CodeIgniter->handleRequest(null, Object(Config\Cache), false)
 6 SYSTEMPATH\Boot.php(417): CodeIgniter\CodeIgniter->run()
 7 SYSTEMPATH\Boot.php(68): CodeIgniter\Boot::runCodeIgniter(Object(CodeIgniter\CodeIgniter))
 8 FCPATH\index.php(59): CodeIgniter\Boot::bootWeb(Object(Config\Paths))
 9 SYSTEMPATH\rewrite.php(44): require_once('D:\\XAMPP\\htdocs\\Shanyu\\public\\index.php')
CRITICAL - 2026-03-13 11:47:00 --> ErrorException: file_get_contents(D:\XAMPP\htdocs\Shanyu\public/products.json): Failed to open stream: No such file or directory
[Method: GET, Route: catalog]
in APPPATH\Controllers\Catalog.php on line 7.
 1 [internal function]: CodeIgniter\Debug\Exceptions->errorHandler(2, 'file_get_contents(D:\\XAMPP\\htdocs\\Shanyu\\public/products.json): Failed to open stream: No such file or directory', 'D:\\XAMPP\\htdocs\\Shanyu\\app\\Controllers\\Catalog.php', 7)
 2 APPPATH\Controllers\Catalog.php(7): file_get_contents('D:\\XAMPP\\htdocs\\Shanyu\\public/products.json')
 3 SYSTEMPATH\CodeIgniter.php(951): App\Controllers\Catalog->index()
 4 SYSTEMPATH\CodeIgniter.php(497): CodeIgniter\CodeIgniter->runController(Object(App\Controllers\Catalog))
 5 SYSTEMPATH\CodeIgniter.php(340): CodeIgniter\CodeIgniter->handleRequest(null, Object(Config\Cache), false)
 6 SYSTEMPATH\Boot.php(417): CodeIgniter\CodeIgniter->run()
 7 SYSTEMPATH\Boot.php(68): CodeIgniter\Boot::runCodeIgniter(Object(CodeIgniter\CodeIgniter))
 8 FCPATH\index.php(59): CodeIgniter\Boot::bootWeb(Object(Config\Paths))
 9 SYSTEMPATH\rewrite.php(44): require_once('D:\\XAMPP\\htdocs\\Shanyu\\public\\index.php')
CRITICAL - 2026-03-13 11:47:02 --> ErrorException: file_get_contents(D:\XAMPP\htdocs\Shanyu\public/products.json): Failed to open stream: No such file or directory
[Method: GET, Route: catalog]
in APPPATH\Controllers\Catalog.php on line 7.
 1 [internal function]: CodeIgniter\Debug\Exceptions->errorHandler(2, 'file_get_contents(D:\\XAMPP\\htdocs\\Shanyu\\public/products.json): Failed to open stream: No such file or directory', 'D:\\XAMPP\\htdocs\\Shanyu\\app\\Controllers\\Catalog.php', 7)
 2 APPPATH\Controllers\Catalog.php(7): file_get_contents('D:\\XAMPP\\htdocs\\Shanyu\\public/products.json')
 3 SYSTEMPATH\CodeIgniter.php(951): App\Controllers\Catalog->index()
 4 SYSTEMPATH\CodeIgniter.php(497): CodeIgniter\CodeIgniter->runController(Object(App\Controllers\Catalog))
 5 SYSTEMPATH\CodeIgniter.php(340): CodeIgniter\CodeIgniter->handleRequest(null, Object(Config\Cache), false)
 6 SYSTEMPATH\Boot.php(417): CodeIgniter\CodeIgniter->run()
 7 SYSTEMPATH\Boot.php(68): CodeIgniter\Boot::runCodeIgniter(Object(CodeIgniter\CodeIgniter))
 8 FCPATH\index.php(59): CodeIgniter\Boot::bootWeb(Object(Config\Paths))
 9 SYSTEMPATH\rewrite.php(44): require_once('D:\\XAMPP\\htdocs\\Shanyu\\public\\index.php')
CRITICAL - 2026-03-13 11:47:08 --> ErrorException: file_get_contents(D:\XAMPP\htdocs\Shanyu\public/products.json): Failed to open stream: No such file or directory
[Method: GET, Route: catalog]
in APPPATH\Controllers\Catalog.php on line 7.
 1 [internal function]: CodeIgniter\Debug\Exceptions->errorHandler(2, 'file_get_contents(D:\\XAMPP\\htdocs\\Shanyu\\public/products.json): Failed to open stream: No such file or directory', 'D:\\XAMPP\\htdocs\\Shanyu\\app\\Controllers\\Catalog.php', 7)
 2 APPPATH\Controllers\Catalog.php(7): file_get_contents('D:\\XAMPP\\htdocs\\Shanyu\\public/products.json')
 3 SYSTEMPATH\CodeIgniter.php(951): App\Controllers\Catalog->index()
 4 SYSTEMPATH\CodeIgniter.php(497): CodeIgniter\CodeIgniter->runController(Object(App\Controllers\Catalog))
 5 SYSTEMPATH\CodeIgniter.php(340): CodeIgniter\CodeIgniter->handleRequest(null, Object(Config\Cache), false)
 6 SYSTEMPATH\Boot.php(417): CodeIgniter\CodeIgniter->run()
 7 SYSTEMPATH\Boot.php(68): CodeIgniter\Boot::runCodeIgniter(Object(CodeIgniter\CodeIgniter))
 8 FCPATH\index.php(59): CodeIgniter\Boot::bootWeb(Object(Config\Paths))
 9 SYSTEMPATH\rewrite.php(44): require_once('D:\\XAMPP\\htdocs\\Shanyu\\public\\index.php')
CRITICAL - 2026-03-13 11:47:38 --> ErrorException: file_get_contents(D:\XAMPP\htdocs\Shanyu\public/products.json): Failed to open stream: No such file or directory
[Method: GET, Route: catalog]
in APPPATH\Controllers\Catalog.php on line 7.
 1 [internal function]: CodeIgniter\Debug\Exceptions->errorHandler(2, 'file_get_contents(D:\\XAMPP\\htdocs\\Shanyu\\public/products.json): Failed to open stream: No such file or directory', 'D:\\XAMPP\\htdocs\\Shanyu\\app\\Controllers\\Catalog.php', 7)
 2 APPPATH\Controllers\Catalog.php(7): file_get_contents('D:\\XAMPP\\htdocs\\Shanyu\\public/products.json')
 3 SYSTEMPATH\CodeIgniter.php(951): App\Controllers\Catalog->index()
 4 SYSTEMPATH\CodeIgniter.php(497): CodeIgniter\CodeIgniter->runController(Object(App\Controllers\Catalog))
 5 SYSTEMPATH\CodeIgniter.php(340): CodeIgniter\CodeIgniter->handleRequest(null, Object(Config\Cache), false)
 6 SYSTEMPATH\Boot.php(417): CodeIgniter\CodeIgniter->run()
 7 SYSTEMPATH\Boot.php(68): CodeIgniter\Boot::runCodeIgniter(Object(CodeIgniter\CodeIgniter))
 8 FCPATH\index.php(59): CodeIgniter\Boot::bootWeb(Object(Config\Paths))
 9 SYSTEMPATH\rewrite.php(44): require_once('D:\\XAMPP\\htdocs\\Shanyu\\public\\index.php')
CRITICAL - 2026-03-13 11:48:22 --> ErrorException: file_get_contents(D:\XAMPP\htdocs\Shanyu\public/products.json): Failed to open stream: No such file or directory
[Method: GET, Route: catalog]
in APPPATH\Controllers\Catalog.php on line 7.
 1 [internal function]: CodeIgniter\Debug\Exceptions->errorHandler(2, 'file_get_contents(D:\\XAMPP\\htdocs\\Shanyu\\public/products.json): Failed to open stream: No such file or directory', 'D:\\XAMPP\\htdocs\\Shanyu\\app\\Controllers\\Catalog.php', 7)
 2 APPPATH\Controllers\Catalog.php(7): file_get_contents('D:\\XAMPP\\htdocs\\Shanyu\\public/products.json')
 3 SYSTEMPATH\CodeIgniter.php(951): App\Controllers\Catalog->index()
 4 SYSTEMPATH\CodeIgniter.php(497): CodeIgniter\CodeIgniter->runController(Object(App\Controllers\Catalog))
 5 SYSTEMPATH\CodeIgniter.php(340): CodeIgniter\CodeIgniter->handleRequest(null, Object(Config\Cache), false)
 6 SYSTEMPATH\Boot.php(417): CodeIgniter\CodeIgniter->run()
 7 SYSTEMPATH\Boot.php(68): CodeIgniter\Boot::runCodeIgniter(Object(CodeIgniter\CodeIgniter))
 8 FCPATH\index.php(59): CodeIgniter\Boot::bootWeb(Object(Config\Paths))
 9 SYSTEMPATH\rewrite.php(44): require_once('D:\\XAMPP\\htdocs\\Shanyu\\public\\index.php')
CRITICAL - 2026-03-13 11:50:34 --> ErrorException: file_get_contents(D:\XAMPP\htdocs\Shanyu\public/products.json): Failed to open stream: No such file or directory
[Method: GET, Route: catalog]
in APPPATH\Controllers\Catalog.php on line 7.
 1 [internal function]: CodeIgniter\Debug\Exceptions->errorHandler(2, 'file_get_contents(D:\\XAMPP\\htdocs\\Shanyu\\public/products.json): Failed to open stream: No such file or directory', 'D:\\XAMPP\\htdocs\\Shanyu\\app\\Controllers\\Catalog.php', 7)
 2 APPPATH\Controllers\Catalog.php(7): file_get_contents('D:\\XAMPP\\htdocs\\Shanyu\\public/products.json')
 3 SYSTEMPATH\CodeIgniter.php(951): App\Controllers\Catalog->index()
 4 SYSTEMPATH\CodeIgniter.php(497): CodeIgniter\CodeIgniter->runController(Object(App\Controllers\Catalog))
 5 SYSTEMPATH\CodeIgniter.php(340): CodeIgniter\CodeIgniter->handleRequest(null, Object(Config\Cache), false)
 6 SYSTEMPATH\Boot.php(417): CodeIgniter\CodeIgniter->run()
 7 SYSTEMPATH\Boot.php(68): CodeIgniter\Boot::runCodeIgniter(Object(CodeIgniter\CodeIgniter))
 8 FCPATH\index.php(59): CodeIgniter\Boot::bootWeb(Object(Config\Paths))
 9 SYSTEMPATH\rewrite.php(44): require_once('D:\\XAMPP\\htdocs\\Shanyu\\public\\index.php')
CRITICAL - 2026-03-13 11:50:36 --> ErrorException: file_get_contents(D:\XAMPP\htdocs\Shanyu\public/products.json): Failed to open stream: No such file or directory
[Method: GET, Route: catalog]
in APPPATH\Controllers\Catalog.php on line 7.
 1 [internal function]: CodeIgniter\Debug\Exceptions->errorHandler(2, 'file_get_contents(D:\\XAMPP\\htdocs\\Shanyu\\public/products.json): Failed to open stream: No such file or directory', 'D:\\XAMPP\\htdocs\\Shanyu\\app\\Controllers\\Catalog.php', 7)
 2 APPPATH\Controllers\Catalog.php(7): file_get_contents('D:\\XAMPP\\htdocs\\Shanyu\\public/products.json')
 3 SYSTEMPATH\CodeIgniter.php(951): App\Controllers\Catalog->index()
 4 SYSTEMPATH\CodeIgniter.php(497): CodeIgniter\CodeIgniter->runController(Object(App\Controllers\Catalog))
 5 SYSTEMPATH\CodeIgniter.php(340): CodeIgniter\CodeIgniter->handleRequest(null, Object(Config\Cache), false)
 6 SYSTEMPATH\Boot.php(417): CodeIgniter\CodeIgniter->run()
 7 SYSTEMPATH\Boot.php(68): CodeIgniter\Boot::runCodeIgniter(Object(CodeIgniter\CodeIgniter))
 8 FCPATH\index.php(59): CodeIgniter\Boot::bootWeb(Object(Config\Paths))
 9 SYSTEMPATH\rewrite.php(44): require_once('D:\\XAMPP\\htdocs\\Shanyu\\public\\index.php')
CRITICAL - 2026-03-13 11:50:37 --> ErrorException: file_get_contents(D:\XAMPP\htdocs\Shanyu\public/products.json): Failed to open stream: No such file or directory
[Method: GET, Route: catalog]
in APPPATH\Controllers\Catalog.php on line 7.
 1 [internal function]: CodeIgniter\Debug\Exceptions->errorHandler(2, 'file_get_contents(D:\\XAMPP\\htdocs\\Shanyu\\public/products.json): Failed to open stream: No such file or directory', 'D:\\XAMPP\\htdocs\\Shanyu\\app\\Controllers\\Catalog.php', 7)
 2 APPPATH\Controllers\Catalog.php(7): file_get_contents('D:\\XAMPP\\htdocs\\Shanyu\\public/products.json')
 3 SYSTEMPATH\CodeIgniter.php(951): App\Controllers\Catalog->index()
 4 SYSTEMPATH\CodeIgniter.php(497): CodeIgniter\CodeIgniter->runController(Object(App\Controllers\Catalog))
 5 SYSTEMPATH\CodeIgniter.php(340): CodeIgniter\CodeIgniter->handleRequest(null, Object(Config\Cache), false)
 6 SYSTEMPATH\Boot.php(417): CodeIgniter\CodeIgniter->run()
 7 SYSTEMPATH\Boot.php(68): CodeIgniter\Boot::runCodeIgniter(Object(CodeIgniter\CodeIgniter))
 8 FCPATH\index.php(59): CodeIgniter\Boot::bootWeb(Object(Config\Paths))
 9 SYSTEMPATH\rewrite.php(44): require_once('D:\\XAMPP\\htdocs\\Shanyu\\public\\index.php')
CRITICAL - 2026-03-13 11:51:56 --> ErrorException: file_get_contents(D:\XAMPP\htdocs\Shanyu\public/products.json): Failed to open stream: No such file or directory
[Method: GET, Route: catalog]
in APPPATH\Controllers\Catalog.php on line 7.
 1 [internal function]: CodeIgniter\Debug\Exceptions->errorHandler(2, 'file_get_contents(D:\\XAMPP\\htdocs\\Shanyu\\public/products.json): Failed to open stream: No such file or directory', 'D:\\XAMPP\\htdocs\\Shanyu\\app\\Controllers\\Catalog.php', 7)
 2 APPPATH\Controllers\Catalog.php(7): file_get_contents('D:\\XAMPP\\htdocs\\Shanyu\\public/products.json')
 3 SYSTEMPATH\CodeIgniter.php(951): App\Controllers\Catalog->index()
 4 SYSTEMPATH\CodeIgniter.php(497): CodeIgniter\CodeIgniter->runController(Object(App\Controllers\Catalog))
 5 SYSTEMPATH\CodeIgniter.php(340): CodeIgniter\CodeIgniter->handleRequest(null, Object(Config\Cache), false)
 6 SYSTEMPATH\Boot.php(417): CodeIgniter\CodeIgniter->run()
 7 SYSTEMPATH\Boot.php(68): CodeIgniter\Boot::runCodeIgniter(Object(CodeIgniter\CodeIgniter))
 8 FCPATH\index.php(59): CodeIgniter\Boot::bootWeb(Object(Config\Paths))
 9 SYSTEMPATH\rewrite.php(44): require_once('D:\\XAMPP\\htdocs\\Shanyu\\public\\index.php')
CRITICAL - 2026-03-13 11:55:56 --> ErrorException: file_get_contents(D:\XAMPP\htdocs\Shanyu\public/products.json): Failed to open stream: No such file or directory
[Method: GET, Route: catalog]
in APPPATH\Controllers\Catalog.php on line 7.
 1 [internal function]: CodeIgniter\Debug\Exceptions->errorHandler(2, 'file_get_contents(D:\\XAMPP\\htdocs\\Shanyu\\public/products.json): Failed to open stream: No such file or directory', 'D:\\XAMPP\\htdocs\\Shanyu\\app\\Controllers\\Catalog.php', 7)
 2 APPPATH\Controllers\Catalog.php(7): file_get_contents('D:\\XAMPP\\htdocs\\Shanyu\\public/products.json')
 3 SYSTEMPATH\CodeIgniter.php(951): App\Controllers\Catalog->index()
 4 SYSTEMPATH\CodeIgniter.php(497): CodeIgniter\CodeIgniter->runController(Object(App\Controllers\Catalog))
 5 SYSTEMPATH\CodeIgniter.php(340): CodeIgniter\CodeIgniter->handleRequest(null, Object(Config\Cache), false)
 6 SYSTEMPATH\Boot.php(417): CodeIgniter\CodeIgniter->run()
 7 SYSTEMPATH\Boot.php(68): CodeIgniter\Boot::runCodeIgniter(Object(CodeIgniter\CodeIgniter))
 8 FCPATH\index.php(59): CodeIgniter\Boot::bootWeb(Object(Config\Paths))
 9 SYSTEMPATH\rewrite.php(44): require_once('D:\\XAMPP\\htdocs\\Shanyu\\public\\index.php')
DEBUG - 2026-03-13 13:30:41 --> Session: Class initialized using 'CodeIgniter\Session\Handlers\FileHandler' driver.
